[    1318ms] [INFO] %cDownload the React DevTools for a better development experience: https://react.dev/link/react-devtools font-weight:bold @ webpack-internal:///(app-pages-browser)/./node_modules/next/dist/next-devtools/shared/forward-logs-shared.js:27
[    1358ms] [LOG] [HMR] connected @ webpack-internal:///(app-pages-browser)/./node_modules/next/dist/next-devtools/shared/forward-logs-shared.js:27
[    4368ms] [WARNING] The resource http://localhost:3000/_next/static/media/630c17af355fa44e-s.p.woff2?v=1776240906827 was preloaded using link preload but not used within a few seconds from the window's load event. Please make sure it has an appropriate `as` value and it is preloaded intentionally. @ http://localhost:3000/login?next=%2Fadmin%2Finquiries:0
[    4368ms] [WARNING] The resource http://localhost:3000/_next/static/media/a273567b21a7c318-s.p.woff2?v=1776240906827 was preloaded using link preload but not used within a few seconds from the window's load event. Please make sure it has an appropriate `as` value and it is preloaded intentionally. @ http://localhost:3000/login?next=%2Fadmin%2Finquiries:0
[    4368ms] [WARNING] The resource http://localhost:3000/_next/static/media/93f479601ee12b01-s.p.woff2?v=1776240906827 was preloaded using link preload but not used within a few seconds from the window's load event. Please make sure it has an appropriate `as` value and it is preloaded intentionally. @ http://localhost:3000/login?next=%2Fadmin%2Finquiries:0
[   20576ms] [ERROR] %c%s%c [admin/inquiries/list] background: #e6e6e6;background: light-dark(rgba(0,0,0,0.1), rgba(255,255,255,0.25));color: #000000;color: light-dark(#000000, #ffffff);border-radius: 2px  Server   column inquiries.uses_new_engine does not exist | code=42703  @ webpack-internal:///(app-pages-browser)/./node_modules/next/dist/next-devtools/userspace/app/errors/intercept-console-error.js:57
[   24208ms] [WARNING] The resource http://localhost:3000/_next/static/media/630c17af355fa44e-s.p.woff2?v=1776240906827 was preloaded using link preload but not used within a few seconds from the window's load event. Please make sure it has an appropriate `as` value and it is preloaded intentionally. @ http://localhost:3000/admin/inquiries:0
[   24209ms] [WARNING] The resource http://localhost:3000/_next/static/media/a273567b21a7c318-s.p.woff2?v=1776240906827 was preloaded using link preload but not used within a few seconds from the window's load event. Please make sure it has an appropriate `as` value and it is preloaded intentionally. @ http://localhost:3000/admin/inquiries:0
[   24209ms] [WARNING] The resource http://localhost:3000/_next/static/media/93f479601ee12b01-s.p.woff2?v=1776240906827 was preloaded using link preload but not used within a few seconds from the window's load event. Please make sure it has an appropriate `as` value and it is preloaded intentionally. @ http://localhost:3000/admin/inquiries:0
[  145906ms] [LOG] [Fast Refresh] rebuilding @ webpack-internal:///(app-pages-browser)/./node_modules/next/dist/next-devtools/shared/forward-logs-shared.js:27
[  146916ms] [LOG] [Fast Refresh] done in 1017ms @ webpack-internal:///(app-pages-browser)/./node_modules/next/dist/next-devtools/shared/forward-logs-shared.js:27
[  148435ms] [ERROR] %c%s%c [admin/inquiries/list] background: #e6e6e6;background: light-dark(rgba(0,0,0,0.1), rgba(255,255,255,0.25));color: #000000;color: light-dark(#000000, #ffffff);border-radius: 2px  Server   column inquiries.uses_new_engine does not exist | code=42703  @ webpack-internal:///(app-pages-browser)/./node_modules/next/dist/next-devtools/userspace/app/errors/intercept-console-error.js:57
[  150468ms] [LOG] [Fast Refresh] rebuilding @ webpack-internal:///(app-pages-browser)/./node_modules/next/dist/next-devtools/shared/forward-logs-shared.js:27
[  150844ms] [LOG] [Fast Refresh] done in 376ms @ webpack-internal:///(app-pages-browser)/./node_modules/next/dist/next-devtools/shared/forward-logs-shared.js:27
[  151447ms] [ERROR] %c%s%c [admin/inquiries/list] background: #e6e6e6;background: light-dark(rgba(0,0,0,0.1), rgba(255,255,255,0.25));color: #000000;color: light-dark(#000000, #ffffff);border-radius: 2px  Server   column inquiries.uses_new_engine does not exist | code=42703  @ webpack-internal:///(app-pages-browser)/./node_modules/next/dist/next-devtools/userspace/app/errors/intercept-console-error.js:57
[  154546ms] [LOG] [Fast Refresh] rebuilding @ webpack-internal:///(app-pages-browser)/./node_modules/next/dist/next-devtools/shared/forward-logs-shared.js:27
[  154693ms] [WARNING] The resource http://localhost:3000/_next/static/media/630c17af355fa44e-s.p.woff2?v=1776240906827 was preloaded using link preload but not used within a few seconds from the window's load event. Please make sure it has an appropriate `as` value and it is preloaded intentionally. @ http://localhost:3000/admin/inquiries:0
[  154693ms] [WARNING] The resource http://localhost:3000/_next/static/media/a273567b21a7c318-s.p.woff2?v=1776240906827 was preloaded using link preload but not used within a few seconds from the window's load event. Please make sure it has an appropriate `as` value and it is preloaded intentionally. @ http://localhost:3000/admin/inquiries:0
[  154694ms] [WARNING] The resource http://localhost:3000/_next/static/media/93f479601ee12b01-s.p.woff2?v=1776240906827 was preloaded using link preload but not used within a few seconds from the window's load event. Please make sure it has an appropriate `as` value and it is preloaded intentionally. @ http://localhost:3000/admin/inquiries:0
[  155042ms] [LOG] [Fast Refresh] done in 497ms @ webpack-internal:///(app-pages-browser)/./node_modules/next/dist/next-devtools/shared/forward-logs-shared.js:27
[  155877ms] [ERROR] %c%s%c [admin/inquiries/list] background: #e6e6e6;background: light-dark(rgba(0,0,0,0.1), rgba(255,255,255,0.25));color: #000000;color: light-dark(#000000, #ffffff);border-radius: 2px  Server   column inquiries.uses_new_engine does not exist | code=42703  @ webpack-internal:///(app-pages-browser)/./node_modules/next/dist/next-devtools/userspace/app/errors/intercept-console-error.js:57
[  159041ms] [WARNING] The resource http://localhost:3000/_next/static/media/630c17af355fa44e-s.p.woff2?v=1776240906827 was preloaded using link preload but not used within a few seconds from the window's load event. Please make sure it has an appropriate `as` value and it is preloaded intentionally. @ http://localhost:3000/admin/inquiries:0
[  159041ms] [WARNING] The resource http://localhost:3000/_next/static/media/a273567b21a7c318-s.p.woff2?v=1776240906827 was preloaded using link preload but not used within a few seconds from the window's load event. Please make sure it has an appropriate `as` value and it is preloaded intentionally. @ http://localhost:3000/admin/inquiries:0
[  159042ms] [WARNING] The resource http://localhost:3000/_next/static/media/93f479601ee12b01-s.p.woff2?v=1776240906827 was preloaded using link preload but not used within a few seconds from the window's load event. Please make sure it has an appropriate `as` value and it is preloaded intentionally. @ http://localhost:3000/admin/inquiries:0
[  162362ms] [LOG] [Fast Refresh] rebuilding @ webpack-internal:///(app-pages-browser)/./node_modules/next/dist/next-devtools/shared/forward-logs-shared.js:27
[  162841ms] [LOG] [Fast Refresh] done in 479ms @ webpack-internal:///(app-pages-browser)/./node_modules/next/dist/next-devtools/shared/forward-logs-shared.js:27
[  163487ms] [ERROR] %c%s%c [admin/inquiries/list] background: #e6e6e6;background: light-dark(rgba(0,0,0,0.1), rgba(255,255,255,0.25));color: #000000;color: light-dark(#000000, #ffffff);border-radius: 2px  Server   column inquiries.uses_new_engine does not exist | code=42703  @ webpack-internal:///(app-pages-browser)/./node_modules/next/dist/next-devtools/userspace/app/errors/intercept-console-error.js:57
[  166768ms] [WARNING] The resource http://localhost:3000/_next/static/media/630c17af355fa44e-s.p.woff2?v=1776240906827 was preloaded using link preload but not used within a few seconds from the window's load event. Please make sure it has an appropriate `as` value and it is preloaded intentionally. @ http://localhost:3000/admin/inquiries:0
[  166768ms] [WARNING] The resource http://localhost:3000/_next/static/media/a273567b21a7c318-s.p.woff2?v=1776240906827 was preloaded using link preload but not used within a few seconds from the window's load event. Please make sure it has an appropriate `as` value and it is preloaded intentionally. @ http://localhost:3000/admin/inquiries:0
[  166768ms] [WARNING] The resource http://localhost:3000/_next/static/media/93f479601ee12b01-s.p.woff2?v=1776240906827 was preloaded using link preload but not used within a few seconds from the window's load event. Please make sure it has an appropriate `as` value and it is preloaded intentionally. @ http://localhost:3000/admin/inquiries:0
[  598450ms] [LOG] [Fast Refresh] rebuilding @ webpack-internal:///(app-pages-browser)/./node_modules/next/dist/next-devtools/shared/forward-logs-shared.js:27
[  599404ms] [LOG] [Fast Refresh] done in 956ms @ webpack-internal:///(app-pages-browser)/./node_modules/next/dist/next-devtools/shared/forward-logs-shared.js:27
[  605313ms] [WARNING] The resource http://localhost:3000/_next/static/media/630c17af355fa44e-s.p.woff2?v=1776240906827 was preloaded using link preload but not used within a few seconds from the window's load event. Please make sure it has an appropriate `as` value and it is preloaded intentionally. @ http://localhost:3000/admin/inquiries:0
[  605313ms] [WARNING] The resource http://localhost:3000/_next/static/media/a273567b21a7c318-s.p.woff2?v=1776240906827 was preloaded using link preload but not used within a few seconds from the window's load event. Please make sure it has an appropriate `as` value and it is preloaded intentionally. @ http://localhost:3000/admin/inquiries:0
[  605313ms] [WARNING] The resource http://localhost:3000/_next/static/media/93f479601ee12b01-s.p.woff2?v=1776240906827 was preloaded using link preload but not used within a few seconds from the window's load event. Please make sure it has an appropriate `as` value and it is preloaded intentionally. @ http://localhost:3000/admin/inquiries:0
